<?xml version="1.0" encoding="UTF-8"?>
<coverage generated="1699822279523" clover="3.2.0">
  <project timestamp="1699822279523" name="All files">
    <metrics statements="14" coveredstatements="14" conditionals="17" coveredconditionals="17" methods="1" coveredmethods="1" elements="32" coveredelements="32" complexity="0" loc="14" ncloc="14" packages="1" files="1" classes="1"/>
    <file name="greeting.js" path="C:\Users\remme\OneDrive\Bureau\Programmation\HE Vinci\bloc2\devops\bloc2-q1-miniprojet-devops\greeting.js">
      <metrics statements="14" coveredstatements="14" conditionals="17" coveredconditionals="17" methods="1" coveredmethods="1"/>
      <line num="2" count="7" type="cond" truecount="5" falsecount="0"/>
      <line num="4" count="4" type="cond" truecount="4" falsecount="0"/>
      <line num="6" count="3" type="cond" truecount="4" falsecount="0"/>
      <line num="7" count="1" type="stmt"/>
      <line num="8" count="1" type="stmt"/>
      <line num="9" count="2" type="stmt"/>
      <line num="10" count="2" type="cond" truecount="2" falsecount="0"/>
      <line num="11" count="1" type="stmt"/>
      <line num="12" count="1" type="stmt"/>
      <line num="14" count="1" type="stmt"/>
      <line num="16" count="1" type="stmt"/>
      <line num="19" count="2" type="cond" truecount="2" falsecount="0"/>
      <line num="21" count="1" type="stmt"/>
      <line num="24" count="1" type="stmt"/>
    </file>
  </project>
</coverage>
