{"C:\\Users\\remme\\OneDrive\\Bureau\\Programmation\\HE Vinci\\bloc2\\devops\\bloc2-q1-miniprojet-devops\\greeting.js": {"path":"C:\\Users\\remme\\OneDrive\\Bureau\\Programmation\\HE Vinci\\bloc2\\devops\\bloc2-q1-miniprojet-devops\\greeting.js","statementMap":{"0":{"start":{"line":2,"column":4},"end":{"line":4,"column":5}},"1":{"start":{"line":3,"column":8},"end":{"line":3,"column":35}},"2":{"start":{"line":5,"column":4},"end":{"line":5,"column":64}},"3":{"start":{"line":5,"column":36},"end":{"line":5,"column":64}},"4":{"start":{"line":7,"column":4},"end":{"line":7,"column":32}},"5":{"start":{"line":10,"column":0},"end":{"line":10,"column":23}}},"fnMap":{"0":{"name":"greet","decl":{"start":{"line":1,"column":9},"end":{"line":1,"column":14}},"loc":{"start":{"line":1,"column":20},"end":{"line":8,"column":1}},"line":1}},"branchMap":{"0":{"loc":{"start":{"line":2,"column":4},"end":{"line":4,"column":5}},"type":"if","locations":[{"start":{"line":2,"column":4},"end":{"line":4,"column":5}},{"start":{},"end":{}}],"line":2},"1":{"loc":{"start":{"line":2,"column":7},"end":{"line":2,"column":55}},"type":"binary-expr","locations":[{"start":{"line":2,"column":7},"end":{"line":2,"column":20}},{"start":{"line":2,"column":24},"end":{"line":2,"column":41}},{"start":{"line":2,"column":45},"end":{"line":2,"column":55}}],"line":2},"2":{"loc":{"start":{"line":5,"column":4},"end":{"line":5,"column":64}},"type":"if","locations":[{"start":{"line":5,"column":4},"end":{"line":5,"column":64}},{"start":{},"end":{}}],"line":5}},"s":{"0":5,"1":3,"2":2,"3":1,"4":1,"5":1},"f":{"0":5},"b":{"0":[3,2],"1":[5,4,3],"2":[1,1]},"_coverageSchema":"1a1c01bbd47fc00a2c39e90264f33305004495a9","hash":"80694c9c9b35c373e4e80da3be65dadc61287b18"}
}
