{"C:\\Users\\remme\\OneDrive\\Bureau\\Programmation\\HE Vinci\\bloc2\\devops\\bloc2-q1-miniprojet-devops\\greeting.js": {"path":"C:\\Users\\remme\\OneDrive\\Bureau\\Programmation\\HE Vinci\\bloc2\\devops\\bloc2-q1-miniprojet-devops\\greeting.js","statementMap":{"0":{"start":{"line":2,"column":4},"end":{"line":2,"column":84}},"1":{"start":{"line":2,"column":57},"end":{"line":2,"column":84}},"2":{"start":{"line":4,"column":4},"end":{"line":4,"column":92}},"3":{"start":{"line":4,"column":49},"end":{"line":4,"column":92}},"4":{"start":{"line":6,"column":4},"end":{"line":17,"column":5}},"5":{"start":{"line":7,"column":18},"end":{"line":7,"column":27}},"6":{"start":{"line":8,"column":8},"end":{"line":15,"column":9}},"7":{"start":{"line":8,"column":20},"end":{"line":8,"column":21}},"8":{"start":{"line":9,"column":12},"end":{"line":9,"column":27}},"9":{"start":{"line":10,"column":12},"end":{"line":14,"column":29}},"10":{"start":{"line":11,"column":16},"end":{"line":11,"column":41}},"11":{"start":{"line":12,"column":16},"end":{"line":12,"column":22}},"12":{"start":{"line":14,"column":17},"end":{"line":14,"column":29}},"13":{"start":{"line":16,"column":8},"end":{"line":16,"column":24}},"14":{"start":{"line":19,"column":4},"end":{"line":19,"column":64}},"15":{"start":{"line":19,"column":36},"end":{"line":19,"column":64}},"16":{"start":{"line":21,"column":4},"end":{"line":21,"column":32}},"17":{"start":{"line":24,"column":0},"end":{"line":24,"column":23}}},"fnMap":{"0":{"name":"greet","decl":{"start":{"line":1,"column":9},"end":{"line":1,"column":14}},"loc":{"start":{"line":1,"column":20},"end":{"line":22,"column":1}},"line":1}},"branchMap":{"0":{"loc":{"start":{"line":2,"column":4},"end":{"line":2,"column":84}},"type":"if","locations":[{"start":{"line":2,"column":4},"end":{"line":2,"column":84}},{"start":{},"end":{}}],"line":2},"1":{"loc":{"start":{"line":2,"column":7},"end":{"line":2,"column":55}},"type":"binary-expr","locations":[{"start":{"line":2,"column":7},"end":{"line":2,"column":20}},{"start":{"line":2,"column":24},"end":{"line":2,"column":41}},{"start":{"line":2,"column":45},"end":{"line":2,"column":55}}],"line":2},"2":{"loc":{"start":{"line":4,"column":4},"end":{"line":4,"column":92}},"type":"if","locations":[{"start":{"line":4,"column":4},"end":{"line":4,"column":92}},{"start":{},"end":{}}],"line":4},"3":{"loc":{"start":{"line":4,"column":7},"end":{"line":4,"column":47}},"type":"binary-expr","locations":[{"start":{"line":4,"column":7},"end":{"line":4,"column":26}},{"start":{"line":4,"column":30},"end":{"line":4,"column":47}}],"line":4},"4":{"loc":{"start":{"line":6,"column":4},"end":{"line":17,"column":5}},"type":"if","locations":[{"start":{"line":6,"column":4},"end":{"line":17,"column":5}},{"start":{},"end":{}}],"line":6},"5":{"loc":{"start":{"line":6,"column":7},"end":{"line":6,"column":45}},"type":"binary-expr","locations":[{"start":{"line":6,"column":7},"end":{"line":6,"column":26}},{"start":{"line":6,"column":30},"end":{"line":6,"column":45}}],"line":6},"6":{"loc":{"start":{"line":10,"column":12},"end":{"line":14,"column":29}},"type":"if","locations":[{"start":{"line":10,"column":12},"end":{"line":14,"column":29}},{"start":{"line":14,"column":17},"end":{"line":14,"column":29}}],"line":10},"7":{"loc":{"start":{"line":19,"column":4},"end":{"line":19,"column":64}},"type":"if","locations":[{"start":{"line":19,"column":4},"end":{"line":19,"column":64}},{"start":{},"end":{}}],"line":19}},"s":{"0":7,"1":3,"2":4,"3":1,"4":3,"5":1,"6":1,"7":1,"8":2,"9":2,"10":1,"11":1,"12":1,"13":1,"14":2,"15":1,"16":1,"17":1},"f":{"0":7},"b":{"0":[3,4],"1":[7,6,5],"2":[1,3],"3":[4,2],"4":[1,2],"5":[3,1],"6":[1,1],"7":[1,1]},"_coverageSchema":"1a1c01bbd47fc00a2c39e90264f33305004495a9","hash":"4ec2959b568286fd647ee077b6a4d380ce25b05b"}
}
