TN:
SF:greeting.js
FN:1,greet
FN:27,sortArray
FN:38,lowerNames
FN:54,upperNames
FN:65,selectLanguage
FN:71,greetWithLanguage
FNF:6
FNH:6
FNDA:12,greet
FNDA:4,sortArray
FNDA:4,lowerNames
FNDA:1,upperNames
FNDA:5,selectLanguage
FNDA:3,greetWithLanguage
DA:2,12
DA:3,12
DA:5,9
DA:6,7
DA:7,4
DA:8,4
DA:9,3
DA:12,4
DA:13,4
DA:14,4
DA:15,1
DA:17,4
DA:21,2
DA:25,1
DA:28,4
DA:29,4
DA:30,4
DA:31,10
DA:32,9
DA:34,4
DA:39,4
DA:40,4
DA:41,4
DA:42,4
DA:43,5
DA:44,5
DA:45,4
DA:46,4
DA:48,1
DA:50,4
DA:51,4
DA:55,1
DA:56,1
DA:57,1
DA:58,1
DA:59,1
DA:61,1
DA:62,1
DA:66,5
DA:67,0
DA:68,0
DA:72,3
DA:73,2
DA:74,1
DA:77,1
LF:45
LH:43
BRDA:3,0,0,3
BRDA:3,0,1,9
BRDA:3,1,0,12
BRDA:3,1,1,11
BRDA:3,1,2,10
BRDA:5,2,0,7
BRDA:5,2,1,2
BRDA:5,3,0,9
BRDA:5,3,1,7
BRDA:6,4,0,4
BRDA:6,4,1,3
BRDA:6,5,0,7
BRDA:6,5,1,6
BRDA:6,5,2,4
BRDA:8,6,0,3
BRDA:8,6,1,1
BRDA:14,7,0,1
BRDA:14,7,1,3
BRDA:21,8,0,1
BRDA:21,8,1,1
BRDA:31,9,0,1
BRDA:31,9,1,9
BRDA:40,10,0,4
BRDA:40,10,1,0
BRDA:44,11,0,4
BRDA:44,11,1,1
BRDA:56,12,0,1
BRDA:56,12,1,0
BRDA:66,13,0,5
BRDA:66,13,1,0
BRDA:67,14,0,0
BRDA:67,14,1,0
BRDA:68,15,0,0
BRDA:68,15,1,0
BRDA:72,16,0,1
BRDA:72,16,1,2
BRDA:73,17,0,1
BRDA:73,17,1,1
BRDA:74,18,0,1
BRDA:74,18,1,0
BRF:40
BRH:32
end_of_record
