TN:
SF:greeting.js
FN:1,greet
FN:23,sortArray
FN:34,lowerNames
FN:50,upperNames
FN:62,selectLanguage
FNF:5
FNH:5
FNDA:12,greet
FNDA:4,sortArray
FNDA:4,lowerNames
FNDA:1,upperNames
FNDA:1,selectLanguage
DA:2,12
DA:4,9
DA:5,4
DA:6,4
DA:8,4
DA:9,1
DA:11,4
DA:15,5
DA:16,4
DA:17,3
DA:19,2
DA:21,1
DA:24,4
DA:25,4
DA:26,4
DA:27,10
DA:28,9
DA:30,4
DA:35,4
DA:36,4
DA:37,4
DA:38,4
DA:39,5
DA:40,5
DA:41,4
DA:42,4
DA:44,1
DA:46,4
DA:47,4
DA:51,1
DA:52,1
DA:53,1
DA:54,1
DA:55,1
DA:57,1
DA:58,1
DA:63,1
DA:64,0
DA:65,0
DA:69,1
LF:40
LH:38
BRDA:2,0,0,3
BRDA:2,0,1,9
BRDA:2,1,0,12
BRDA:2,1,1,11
BRDA:2,1,2,10
BRDA:4,2,0,4
BRDA:4,2,1,5
BRDA:4,3,0,9
BRDA:4,3,1,4
BRDA:8,4,0,1
BRDA:8,4,1,3
BRDA:15,5,0,1
BRDA:15,5,1,4
BRDA:16,6,0,1
BRDA:16,6,1,3
BRDA:17,7,0,1
BRDA:17,7,1,2
BRDA:19,8,0,1
BRDA:19,8,1,1
BRDA:27,9,0,1
BRDA:27,9,1,9
BRDA:36,10,0,1
BRDA:36,10,1,3
BRDA:40,11,0,4
BRDA:40,11,1,1
BRDA:52,12,0,0
BRDA:52,12,1,1
BRDA:63,13,0,1
BRDA:63,13,1,0
BRDA:64,14,0,0
BRDA:64,14,1,0
BRDA:65,15,0,0
BRDA:65,15,1,0
BRF:33
BRH:27
end_of_record
